2026-03-12 23:12:09,877 - ========== 训练配置 ==========
2026-03-12 23:12:09,878 - 使用设备: cuda
2026-03-12 23:12:09,878 - 训练总轮数: 146
2026-03-12 23:12:09,878 - 批次大小: 1
2026-03-12 23:12:09,878 - 初始学习率: 0.001
2026-03-12 23:12:09,878 - 权重衰减: 0.0001
2026-03-12 23:12:09,878 - 最大视差: 192
2026-03-12 23:12:09,878 - ==============================
2026-03-12 23:12:09,880 - 数据集统计 | 训练样本: 30 | 验证样本: 6
2026-03-12 23:12:09,880 - 数据加载器 | 训练批次: 30 | 验证批次: 6
2026-03-12 23:12:10,016 - 模型参数量 | 总参数: 3.49M | 可训练参数: 3.49M
2026-03-12 23:12:10,016 - 
========== 开始训练 ==========
2026-03-12 23:13:42,148 - ========== 训练配置 ==========
2026-03-12 23:13:42,149 - 使用设备: cuda
2026-03-12 23:13:42,149 - 训练总轮数: 146
2026-03-12 23:13:42,149 - 批次大小: 1
2026-03-12 23:13:42,149 - 初始学习率: 0.001
2026-03-12 23:13:42,149 - 权重衰减: 0.0001
2026-03-12 23:13:42,149 - 最大视差: 192
2026-03-12 23:13:42,149 - ==============================
2026-03-12 23:13:42,149 - 数据集统计 | 训练样本: 30 | 验证样本: 6
2026-03-12 23:13:42,149 - 数据加载器 | 训练批次: 30 | 验证批次: 6
2026-03-12 23:13:42,233 - 模型参数量 | 总参数: 3.49M | 可训练参数: 3.49M
2026-03-12 23:13:42,233 - 
========== 开始训练 ==========
2026-03-12 23:18:14,448 - Using device: cuda
2026-03-12 23:18:14,448 - Train samples: 30, Val samples: 6
2026-03-12 23:18:32,889 - Epoch 1 completed | Time: 18.36s | Avg Loss: 15.5754 | Avg EPE: 15.8244 | LR: 0.001000
2026-03-12 23:18:46,048 - ========== 训练配置 ==========
2026-03-12 23:18:46,048 - 使用设备: cuda
2026-03-12 23:18:46,048 - 训练总轮数: 146
2026-03-12 23:18:46,048 - 批次大小: 1
2026-03-12 23:18:46,048 - 初始学习率: 0.001
2026-03-12 23:18:46,048 - 权重衰减: 0.0001
2026-03-12 23:18:46,048 - 最大视差: 192
2026-03-12 23:18:46,048 - ==============================
2026-03-12 23:18:46,049 - 数据集统计 | 训练样本: 30 | 验证样本: 6
2026-03-12 23:18:46,049 - 数据加载器 | 训练批次: 30 | 验证批次: 6
2026-03-12 23:18:46,129 - 模型参数量 | 总参数: 3.49M | 可训练参数: 3.49M
2026-03-12 23:18:46,129 - 
========== 开始训练 ==========
2026-03-12 23:22:20,319 - Using device: cuda
2026-03-12 23:22:20,319 - Train samples: 30, Val samples: 6
2026-03-12 23:22:38,336 - Epoch 1 completed | Time: 17.93s | Avg Loss: 15.6419 | Avg EPE: 15.8910 | LR: 0.001000
