2026-03-12 12:09:50,738 - ========== 训练配置 ==========
2026-03-12 12:09:50,738 - 使用设备: cuda
2026-03-12 12:09:50,738 - 训练总轮数: 146
2026-03-12 12:09:50,738 - 批次大小: 1
2026-03-12 12:09:50,739 - 初始学习率: 0.001
2026-03-12 12:09:50,739 - 权重衰减: 0.0001
2026-03-12 12:09:50,739 - 最大视差: 192
2026-03-12 12:09:50,739 - ==============================
2026-03-12 12:09:50,740 - 数据集统计 | 训练样本: 30 | 验证样本: 6
2026-03-12 12:09:50,740 - 数据加载器 | 训练批次: 30 | 验证批次: 6
2026-03-12 12:11:09,626 - ========== 训练配置 ==========
2026-03-12 12:11:09,626 - 使用设备: cuda
2026-03-12 12:11:09,626 - 训练总轮数: 146
2026-03-12 12:11:09,626 - 批次大小: 1
2026-03-12 12:11:09,626 - 初始学习率: 0.001
2026-03-12 12:11:09,630 - 权重衰减: 0.0001
2026-03-12 12:11:09,631 - 最大视差: 192
2026-03-12 12:11:09,631 - ==============================
2026-03-12 12:11:09,631 - 数据集统计 | 训练样本: 30 | 验证样本: 6
2026-03-12 12:11:09,631 - 数据加载器 | 训练批次: 30 | 验证批次: 6
2026-03-12 12:11:09,875 - 模型参数量 | 总参数: 17.16M | 可训练参数: 17.16M
2026-03-12 12:11:09,876 - 
========== 开始训练 ==========
2026-03-12 12:14:44,050 - ========== 训练配置 ==========
2026-03-12 12:14:44,052 - 使用设备: cuda
2026-03-12 12:14:44,052 - 训练总轮数: 146
2026-03-12 12:14:44,052 - 批次大小: 1
2026-03-12 12:14:44,052 - 初始学习率: 0.001
2026-03-12 12:14:44,052 - 权重衰减: 0.0001
2026-03-12 12:14:44,052 - 最大视差: 192
2026-03-12 12:14:44,052 - ==============================
2026-03-12 12:14:44,053 - 数据集统计 | 训练样本: 30 | 验证样本: 6
2026-03-12 12:14:44,053 - 数据加载器 | 训练批次: 30 | 验证批次: 6
2026-03-12 12:14:44,298 - 模型参数量 | 总参数: 17.16M | 可训练参数: 17.16M
2026-03-12 12:14:44,299 - 
========== 开始训练 ==========
2026-03-12 12:21:35,925 - ========== 训练配置 ==========
2026-03-12 12:21:35,925 - 使用设备: cuda
2026-03-12 12:21:35,925 - 训练总轮数: 146
2026-03-12 12:21:35,925 - 批次大小: 1
2026-03-12 12:21:35,925 - 初始学习率: 0.001
2026-03-12 12:21:35,925 - 权重衰减: 0.0001
2026-03-12 12:21:35,925 - 最大视差: 192
2026-03-12 12:21:35,925 - ==============================
2026-03-12 12:21:35,926 - 数据集统计 | 训练样本: 30 | 验证样本: 6
2026-03-12 12:21:35,926 - 数据加载器 | 训练批次: 30 | 验证批次: 6
2026-03-12 12:21:36,153 - 模型参数量 | 总参数: 17.16M | 可训练参数: 17.16M
2026-03-12 12:21:36,155 - 
========== 开始训练 ==========
2026-03-12 12:24:13,632 - ========== 训练配置 ==========
2026-03-12 12:24:13,632 - 使用设备: cuda
2026-03-12 12:24:13,632 - 训练总轮数: 146
2026-03-12 12:24:13,632 - 批次大小: 1
2026-03-12 12:24:13,632 - 初始学习率: 0.001
2026-03-12 12:24:13,632 - 权重衰减: 0.0001
2026-03-12 12:24:13,632 - 最大视差: 192
2026-03-12 12:24:13,632 - ==============================
2026-03-12 12:24:13,632 - 数据集统计 | 训练样本: 30 | 验证样本: 6
2026-03-12 12:24:13,633 - 数据加载器 | 训练批次: 30 | 验证批次: 6
2026-03-12 12:24:13,887 - 模型参数量 | 总参数: 17.16M | 可训练参数: 17.16M
2026-03-12 12:24:13,889 - 
========== 开始训练 ==========
2026-03-12 12:29:36,985 - ========== 训练配置 ==========
2026-03-12 12:29:36,985 - 使用设备: cuda
2026-03-12 12:29:36,985 - 训练总轮数: 146
2026-03-12 12:29:36,985 - 批次大小: 1
2026-03-12 12:29:36,985 - 初始学习率: 0.001
2026-03-12 12:29:36,985 - 权重衰减: 0.0001
2026-03-12 12:29:36,985 - 最大视差: 192
2026-03-12 12:29:36,985 - ==============================
2026-03-12 12:29:36,985 - 数据集统计 | 训练样本: 30 | 验证样本: 6
2026-03-12 12:29:36,985 - 数据加载器 | 训练批次: 30 | 验证批次: 6
2026-03-12 12:29:37,221 - 模型参数量 | 总参数: 17.16M | 可训练参数: 17.16M
2026-03-12 12:29:37,222 - 
========== 开始训练 ==========
2026-03-12 12:31:10,103 - ========== 训练配置 ==========
2026-03-12 12:31:10,104 - 使用设备: cuda
2026-03-12 12:31:10,104 - 训练总轮数: 146
2026-03-12 12:31:10,104 - 批次大小: 1
2026-03-12 12:31:10,104 - 初始学习率: 0.001
2026-03-12 12:31:10,104 - 权重衰减: 0.0001
2026-03-12 12:31:10,104 - 最大视差: 192
2026-03-12 12:31:10,104 - ==============================
2026-03-12 12:31:10,105 - 数据集统计 | 训练样本: 30 | 验证样本: 6
2026-03-12 12:31:10,105 - 数据加载器 | 训练批次: 30 | 验证批次: 6
2026-03-12 12:31:10,335 - 模型参数量 | 总参数: 17.16M | 可训练参数: 17.16M
2026-03-12 12:31:10,335 - 
========== 开始训练 ==========
2026-03-12 12:31:55,520 - ========== 训练配置 ==========
2026-03-12 12:31:55,521 - 使用设备: cuda
2026-03-12 12:31:55,521 - 训练总轮数: 146
2026-03-12 12:31:55,521 - 批次大小: 1
2026-03-12 12:31:55,521 - 初始学习率: 0.001
2026-03-12 12:31:55,521 - 权重衰减: 0.0001
2026-03-12 12:31:55,521 - 最大视差: 192
2026-03-12 12:31:55,521 - ==============================
2026-03-12 12:31:55,521 - 数据集统计 | 训练样本: 30 | 验证样本: 6
2026-03-12 12:31:55,521 - 数据加载器 | 训练批次: 30 | 验证批次: 6
2026-03-12 12:31:55,739 - 模型参数量 | 总参数: 17.16M | 可训练参数: 17.16M
2026-03-12 12:31:55,740 - 
========== 开始训练 ==========
2026-03-12 12:32:25,129 - 
Epoch [1/146] 训练总结 | 用时: 0:00:29 | 学习率: 0.001000 | 平均Charbonnier损失: 6.4010 | 平均LR损失: 2.3684 | 平均总损失: 8.7695 | 平均EPE: 6.4010 | 0.5PER: 94.73% | 1PER: 89.30% | 3PER: 68.73%
2026-03-12 12:32:53,846 - 
Epoch [2/146] 训练总结 | 用时: 0:00:28 | 学习率: 0.001000 | 平均Charbonnier损失: 5.2207 | 平均LR损失: 0.7489 | 平均总损失: 5.9696 | 平均EPE: 5.2207 | 0.5PER: 93.32% | 1PER: 87.06% | 3PER: 63.27%
2026-03-12 12:33:22,625 - 
Epoch [3/146] 训练总结 | 用时: 0:00:28 | 学习率: 0.001000 | 平均Charbonnier损失: 4.9409 | 平均LR损失: 0.5400 | 平均总损失: 5.4809 | 平均EPE: 4.9409 | 0.5PER: 94.15% | 1PER: 87.57% | 3PER: 62.81%
2026-03-12 12:33:51,307 - 
Epoch [4/146] 训练总结 | 用时: 0:00:28 | 学习率: 0.001000 | 平均Charbonnier损失: 5.5489 | 平均LR损失: 0.7057 | 平均总损失: 6.2546 | 平均EPE: 5.5489 | 0.5PER: 94.59% | 1PER: 89.01% | 3PER: 68.05%
2026-03-12 12:34:20,006 - 
Epoch [5/146] 训练总结 | 用时: 0:00:28 | 学习率: 0.001000 | 平均Charbonnier损失: 4.5762 | 平均LR损失: 0.7267 | 平均总损失: 5.3029 | 平均EPE: 4.5762 | 0.5PER: 92.95% | 1PER: 85.89% | 3PER: 59.24%
2026-03-12 12:37:54,807 - ========== 训练配置 ==========
2026-03-12 12:37:54,807 - 使用设备: cuda
2026-03-12 12:37:54,807 - 训练总轮数: 146
2026-03-12 12:37:54,807 - 批次大小: 1
2026-03-12 12:37:54,807 - 初始学习率: 0.001
2026-03-12 12:37:54,807 - 权重衰减: 0.0001
2026-03-12 12:37:54,807 - 最大视差: 192
2026-03-12 12:37:54,807 - ==============================
2026-03-12 12:37:54,807 - 数据集统计 | 训练样本: 30 | 验证样本: 6
2026-03-12 12:37:54,807 - 数据加载器 | 训练批次: 30 | 验证批次: 6
2026-03-12 12:37:55,020 - 模型参数量 | 总参数: 17.16M | 可训练参数: 17.16M
2026-03-12 12:37:55,021 - 
========== 开始训练 ==========
2026-03-12 12:38:24,308 - 
Epoch [1/146] 训练总结 | 用时: 0:00:29 | 学习率: 0.001000 | 平均Charbonnier损失: 6.3697 | 平均LR损失: 2.3536 | 平均总损失: 8.7233 | 平均EPE: 6.3697 | 0.5PER: 95.05% | 1PER: 89.90% | 3PER: 68.98%
2026-03-12 12:38:53,730 - 
Epoch [2/146] 训练总结 | 用时: 0:00:29 | 学习率: 0.001000 | 平均Charbonnier损失: 5.2268 | 平均LR损失: 0.7380 | 平均总损失: 5.9648 | 平均EPE: 5.2268 | 0.5PER: 93.52% | 1PER: 86.48% | 3PER: 63.51%
2026-03-12 12:39:22,510 - 
Epoch [3/146] 训练总结 | 用时: 0:00:28 | 学习率: 0.001000 | 平均Charbonnier损失: 5.0356 | 平均LR损失: 0.5324 | 平均总损失: 5.5680 | 平均EPE: 5.0356 | 0.5PER: 93.78% | 1PER: 87.84% | 3PER: 63.85%
2026-03-12 12:39:51,298 - 
Epoch [4/146] 训练总结 | 用时: 0:00:28 | 学习率: 0.001000 | 平均Charbonnier损失: 5.7422 | 平均LR损失: 0.5857 | 平均总损失: 6.3279 | 平均EPE: 5.7422 | 0.5PER: 94.49% | 1PER: 88.92% | 3PER: 69.37%
2026-03-12 12:40:20,042 - 
Epoch [5/146] 训练总结 | 用时: 0:00:28 | 学习率: 0.001000 | 平均Charbonnier损失: 4.7650 | 平均LR损失: 0.5544 | 平均总损失: 5.3194 | 平均EPE: 4.7650 | 0.5PER: 93.32% | 1PER: 86.59% | 3PER: 60.54%
2026-03-12 12:47:54,863 - ========== 训练配置 ==========
2026-03-12 12:47:54,864 - 使用设备: cuda
2026-03-12 12:47:54,864 - 训练总轮数: 146
2026-03-12 12:47:54,864 - 批次大小: 1
2026-03-12 12:47:54,864 - 初始学习率: 0.001
2026-03-12 12:47:54,864 - 权重衰减: 0.0001
2026-03-12 12:47:54,864 - 最大视差: 192
2026-03-12 12:47:54,864 - ==============================
2026-03-12 12:47:54,864 - 数据集统计 | 训练样本: 30 | 验证样本: 6
2026-03-12 12:47:54,864 - 数据加载器 | 训练批次: 30 | 验证批次: 6
2026-03-12 12:47:54,992 - 模型参数量 | 总参数: 13.92M | 可训练参数: 13.92M
2026-03-12 12:47:54,993 - 
========== 开始训练 ==========
2026-03-12 12:49:50,081 - ========== 训练配置 ==========
2026-03-12 12:49:50,081 - 使用设备: cuda
2026-03-12 12:49:50,082 - 训练总轮数: 146
2026-03-12 12:49:50,082 - 批次大小: 1
2026-03-12 12:49:50,082 - 初始学习率: 0.001
2026-03-12 12:49:50,082 - 权重衰减: 0.0001
2026-03-12 12:49:50,082 - 最大视差: 192
2026-03-12 12:49:50,082 - ==============================
2026-03-12 12:49:50,082 - 数据集统计 | 训练样本: 30 | 验证样本: 6
2026-03-12 12:49:50,082 - 数据加载器 | 训练批次: 30 | 验证批次: 6
2026-03-12 12:49:50,166 - 模型参数量 | 总参数: 3.49M | 可训练参数: 3.49M
2026-03-12 12:49:50,167 - 
========== 开始训练 ==========
2026-03-12 12:52:42,993 - ========== 训练配置 ==========
2026-03-12 12:52:42,993 - 使用设备: cuda
2026-03-12 12:52:42,993 - 训练总轮数: 146
2026-03-12 12:52:42,993 - 批次大小: 1
2026-03-12 12:52:42,993 - 初始学习率: 0.001
2026-03-12 12:52:42,993 - 权重衰减: 0.0001
2026-03-12 12:52:42,993 - 最大视差: 192
2026-03-12 12:52:42,993 - ==============================
2026-03-12 12:52:42,994 - 数据集统计 | 训练样本: 30 | 验证样本: 6
2026-03-12 12:52:42,994 - 数据加载器 | 训练批次: 30 | 验证批次: 6
2026-03-12 12:52:57,908 - ========== 训练配置 ==========
2026-03-12 12:52:57,909 - 使用设备: cuda
2026-03-12 12:52:57,909 - 训练总轮数: 146
2026-03-12 12:52:57,909 - 批次大小: 1
2026-03-12 12:52:57,909 - 初始学习率: 0.001
2026-03-12 12:52:57,909 - 权重衰减: 0.0001
2026-03-12 12:52:57,909 - 最大视差: 192
2026-03-12 12:52:57,909 - ==============================
2026-03-12 12:52:57,909 - 数据集统计 | 训练样本: 30 | 验证样本: 6
2026-03-12 12:52:57,909 - 数据加载器 | 训练批次: 30 | 验证批次: 6
2026-03-12 12:52:58,113 - 模型参数量 | 总参数: 17.16M | 可训练参数: 17.16M
2026-03-12 12:52:58,114 - 
========== 开始训练 ==========
2026-03-12 12:53:27,114 - 
Epoch [1/146] 训练总结 | 用时: 0:00:28 | 学习率: 0.001000 | 平均Charbonnier损失: 6.3323 | 平均LR损失: 2.3434 | 平均总损失: 8.6757 | 平均EPE: 6.3323 | 0.5PER: 94.77% | 1PER: 89.66% | 3PER: 68.20%
2026-03-12 12:53:55,899 - 
Epoch [2/146] 训练总结 | 用时: 0:00:28 | 学习率: 0.001000 | 平均Charbonnier损失: 4.9937 | 平均LR损失: 0.6621 | 平均总损失: 5.6558 | 平均EPE: 4.9937 | 0.5PER: 93.59% | 1PER: 87.26% | 3PER: 62.10%
2026-03-12 12:54:24,632 - 
Epoch [3/146] 训练总结 | 用时: 0:00:28 | 学习率: 0.001000 | 平均Charbonnier损失: 5.0516 | 平均LR损失: 0.4623 | 平均总损失: 5.5140 | 平均EPE: 5.0516 | 0.5PER: 93.62% | 1PER: 87.41% | 3PER: 63.32%
2026-03-12 12:54:53,330 - 
Epoch [4/146] 训练总结 | 用时: 0:00:28 | 学习率: 0.001000 | 平均Charbonnier损失: 5.5585 | 平均LR损失: 0.6859 | 平均总损失: 6.2444 | 平均EPE: 5.5585 | 0.5PER: 94.74% | 1PER: 89.24% | 3PER: 67.34%
2026-03-12 12:55:22,104 - 
Epoch [5/146] 训练总结 | 用时: 0:00:28 | 学习率: 0.001000 | 平均Charbonnier损失: 4.9645 | 平均LR损失: 0.6438 | 平均总损失: 5.6083 | 平均EPE: 4.9645 | 0.5PER: 93.62% | 1PER: 86.95% | 3PER: 61.92%
2026-03-12 13:03:34,926 - ========== 训练配置 ==========
2026-03-12 13:03:34,926 - 使用设备: cuda
2026-03-12 13:03:34,926 - 训练总轮数: 146
2026-03-12 13:03:34,926 - 批次大小: 1
2026-03-12 13:03:34,926 - 初始学习率: 0.001
2026-03-12 13:03:34,926 - 权重衰减: 0.0001
2026-03-12 13:03:34,926 - 最大视差: 192
2026-03-12 13:03:34,926 - ==============================
2026-03-12 13:03:34,926 - 数据集统计 | 训练样本: 30 | 验证样本: 6
2026-03-12 13:03:34,926 - 数据加载器 | 训练批次: 30 | 验证批次: 6
2026-03-12 13:03:35,136 - 模型参数量 | 总参数: 17.16M | 可训练参数: 17.16M
2026-03-12 13:03:35,137 - 
========== 开始训练 ==========
2026-03-12 13:04:04,215 - 
Epoch [1/146] 训练总结 | 用时: 0:00:29 | 学习率: 0.001000 | 平均Charbonnier损失: 6.4137 | 平均LR损失: 2.3517 | 平均总损失: 8.7654 | 平均EPE: 6.4137 | 0.5PER: 94.66% | 1PER: 89.47% | 3PER: 68.59%
2026-03-12 13:04:32,969 - 
Epoch [2/146] 训练总结 | 用时: 0:00:28 | 学习率: 0.001000 | 平均Charbonnier损失: 5.7725 | 平均LR损失: 0.7919 | 平均总损失: 6.5644 | 平均EPE: 5.7725 | 0.5PER: 94.63% | 1PER: 89.21% | 3PER: 67.27%
2026-03-12 13:05:01,803 - 
Epoch [3/146] 训练总结 | 用时: 0:00:28 | 学习率: 0.001000 | 平均Charbonnier损失: 5.1538 | 平均LR损失: 0.5475 | 平均总损失: 5.7012 | 平均EPE: 5.1538 | 0.5PER: 94.27% | 1PER: 87.89% | 3PER: 64.75%
2026-03-12 13:05:30,588 - 
Epoch [4/146] 训练总结 | 用时: 0:00:28 | 学习率: 0.001000 | 平均Charbonnier损失: 5.7044 | 平均LR损失: 0.5983 | 平均总损失: 6.3027 | 平均EPE: 5.7044 | 0.5PER: 93.98% | 1PER: 89.00% | 3PER: 68.23%
2026-03-12 13:05:59,345 - 
Epoch [5/146] 训练总结 | 用时: 0:00:28 | 学习率: 0.001000 | 平均Charbonnier损失: 4.4353 | 平均LR损失: 0.6085 | 平均总损失: 5.0438 | 平均EPE: 4.4353 | 0.5PER: 92.99% | 1PER: 86.17% | 3PER: 58.31%
2026-03-12 13:06:04,922 - Epoch [5/146] 验证结果 | 用时: 0:00:05 | 验证EPE: 7.6117 | 0.5PER: 105.71% | 1PER: 111.53% | 3PER: 135.78% | 最佳EPE: inf (Epoch 0)
2026-03-12 13:06:34,408 - 
Epoch [6/146] 训练总结 | 用时: 0:00:29 | 学习率: 0.001000 | 平均Charbonnier损失: 4.0804 | 平均LR损失: 0.9279 | 平均总损失: 5.0082 | 平均EPE: 4.0804 | 0.5PER: 91.62% | 1PER: 83.67% | 3PER: 54.28%
2026-03-12 13:07:03,227 - 
Epoch [7/146] 训练总结 | 用时: 0:00:28 | 学习率: 0.001000 | 平均Charbonnier损失: 3.4811 | 平均LR损失: 0.9917 | 平均总损失: 4.4729 | 平均EPE: 3.4811 | 0.5PER: 90.34% | 1PER: 80.49% | 3PER: 45.24%
2026-03-12 13:07:32,024 - 
Epoch [8/146] 训练总结 | 用时: 0:00:28 | 学习率: 0.001000 | 平均Charbonnier损失: 3.5286 | 平均LR损失: 1.0293 | 平均总损失: 4.5578 | 平均EPE: 3.5286 | 0.5PER: 89.58% | 1PER: 79.13% | 3PER: 47.39%
2026-03-12 13:08:01,900 - 
Epoch [9/146] 训练总结 | 用时: 0:00:29 | 学习率: 0.001000 | 平均Charbonnier损失: 4.1672 | 平均LR损失: 1.1695 | 平均总损失: 5.3367 | 平均EPE: 4.1672 | 0.5PER: 91.41% | 1PER: 83.17% | 3PER: 53.62%
2026-03-12 13:08:31,662 - 
Epoch [10/146] 训练总结 | 用时: 0:00:29 | 学习率: 0.001000 | 平均Charbonnier损失: 3.7062 | 平均LR损失: 1.0757 | 平均总损失: 4.7819 | 平均EPE: 3.7062 | 0.5PER: 91.02% | 1PER: 82.14% | 3PER: 47.95%
2026-03-12 13:08:37,552 - Epoch [10/146] 验证结果 | 用时: 0:00:05 | 验证EPE: 7.3901 | 0.5PER: 105.34% | 1PER: 110.82% | 3PER: 136.02% | 最佳EPE: 7.6117 (Epoch 5)
2026-03-12 13:09:07,811 - 
Epoch [11/146] 训练总结 | 用时: 0:00:29 | 学习率: 0.001000 | 平均Charbonnier损失: 3.4467 | 平均LR损失: 1.0652 | 平均总损失: 4.5120 | 平均EPE: 3.4467 | 0.5PER: 89.01% | 1PER: 78.42% | 3PER: 43.79%
2026-03-12 13:09:37,338 - 
Epoch [12/146] 训练总结 | 用时: 0:00:29 | 学习率: 0.001000 | 平均Charbonnier损失: 3.1946 | 平均LR损失: 1.0589 | 平均总损失: 4.2536 | 平均EPE: 3.1946 | 0.5PER: 88.39% | 1PER: 77.18% | 3PER: 41.69%
2026-03-12 13:10:07,228 - 
Epoch [13/146] 训练总结 | 用时: 0:00:29 | 学习率: 0.001000 | 平均Charbonnier损失: 2.9062 | 平均LR损失: 1.0503 | 平均总损失: 3.9565 | 平均EPE: 2.9062 | 0.5PER: 88.95% | 1PER: 77.93% | 3PER: 40.29%
2026-03-12 13:10:37,751 - 
Epoch [14/146] 训练总结 | 用时: 0:00:30 | 学习率: 0.001000 | 平均Charbonnier损失: 2.9151 | 平均LR损失: 1.0462 | 平均总损失: 3.9613 | 平均EPE: 2.9151 | 0.5PER: 87.94% | 1PER: 75.91% | 3PER: 35.08%
2026-03-12 13:11:07,089 - 
Epoch [15/146] 训练总结 | 用时: 0:00:29 | 学习率: 0.001000 | 平均Charbonnier损失: 3.5704 | 平均LR损失: 1.0334 | 平均总损失: 4.6038 | 平均EPE: 3.5704 | 0.5PER: 90.36% | 1PER: 80.90% | 3PER: 48.27%
2026-03-12 13:11:13,189 - Epoch [15/146] 验证结果 | 用时: 0:00:06 | 验证EPE: 8.7861 | 0.5PER: 106.59% | 1PER: 113.04% | 3PER: 138.66% | 最佳EPE: 7.3901 (Epoch 10)
2026-03-12 13:11:42,419 - 
Epoch [16/146] 训练总结 | 用时: 0:00:29 | 学习率: 0.001000 | 平均Charbonnier损失: 2.7446 | 平均LR损失: 1.1614 | 平均总损失: 3.9059 | 平均EPE: 2.7446 | 0.5PER: 87.18% | 1PER: 74.64% | 3PER: 34.92%
2026-03-12 13:12:11,629 - 
Epoch [17/146] 训练总结 | 用时: 0:00:29 | 学习率: 0.001000 | 平均Charbonnier损失: 3.2170 | 平均LR损失: 1.0215 | 平均总损失: 4.2385 | 平均EPE: 3.2170 | 0.5PER: 89.14% | 1PER: 78.71% | 3PER: 42.14%
2026-03-12 13:12:41,040 - 
Epoch [18/146] 训练总结 | 用时: 0:00:29 | 学习率: 0.001000 | 平均Charbonnier损失: 2.8327 | 平均LR损失: 1.0143 | 平均总损失: 3.8470 | 平均EPE: 2.8327 | 0.5PER: 88.05% | 1PER: 76.04% | 3PER: 35.73%
2026-03-12 13:13:12,618 - 
Epoch [19/146] 训练总结 | 用时: 0:00:31 | 学习率: 0.001000 | 平均Charbonnier损失: 3.5137 | 平均LR损失: 1.0129 | 平均总损失: 4.5266 | 平均EPE: 3.5137 | 0.5PER: 90.46% | 1PER: 80.98% | 3PER: 47.85%
2026-03-12 13:13:45,180 - 
Epoch [20/146] 训练总结 | 用时: 0:00:32 | 学习率: 0.001000 | 平均Charbonnier损失: 3.2503 | 平均LR损失: 1.0990 | 平均总损失: 4.3494 | 平均EPE: 3.2503 | 0.5PER: 89.74% | 1PER: 79.56% | 3PER: 43.86%
2026-03-12 13:13:53,268 - Epoch [20/146] 验证结果 | 用时: 0:00:08 | 验证EPE: 8.7200 | 0.5PER: 106.18% | 1PER: 112.32% | 3PER: 138.14% | 最佳EPE: 7.3901 (Epoch 10)
2026-03-12 13:14:27,950 - 
Epoch [21/146] 训练总结 | 用时: 0:00:34 | 学习率: 0.001000 | 平均Charbonnier损失: 3.0236 | 平均LR损失: 0.9928 | 平均总损失: 4.0165 | 平均EPE: 3.0236 | 0.5PER: 89.14% | 1PER: 78.37% | 3PER: 40.99%
2026-03-12 13:15:02,469 - 
Epoch [22/146] 训练总结 | 用时: 0:00:34 | 学习率: 0.001000 | 平均Charbonnier损失: 3.0457 | 平均LR损失: 1.0872 | 平均总损失: 4.1329 | 平均EPE: 3.0457 | 0.5PER: 88.85% | 1PER: 77.74% | 3PER: 40.22%
2026-03-12 13:15:37,819 - 
Epoch [23/146] 训练总结 | 用时: 0:00:35 | 学习率: 0.001000 | 平均Charbonnier损失: 3.0395 | 平均LR损失: 1.0650 | 平均总损失: 4.1044 | 平均EPE: 3.0395 | 0.5PER: 89.08% | 1PER: 78.16% | 3PER: 39.50%
2026-03-12 13:16:21,067 - 
Epoch [24/146] 训练总结 | 用时: 0:00:43 | 学习率: 0.001000 | 平均Charbonnier损失: 3.1086 | 平均LR损失: 0.9941 | 平均总损失: 4.1027 | 平均EPE: 3.1086 | 0.5PER: 89.86% | 1PER: 80.20% | 3PER: 43.73%
2026-03-12 13:17:03,560 - 
Epoch [25/146] 训练总结 | 用时: 0:00:42 | 学习率: 0.001000 | 平均Charbonnier损失: 3.1136 | 平均LR损失: 1.0104 | 平均总损失: 4.1240 | 平均EPE: 3.1136 | 0.5PER: 90.46% | 1PER: 81.04% | 3PER: 44.80%
2026-03-12 13:17:11,225 - Epoch [25/146] 验证结果 | 用时: 0:00:07 | 验证EPE: 6.8419 | 0.5PER: 105.23% | 1PER: 110.17% | 3PER: 133.22% | 最佳EPE: 7.3901 (Epoch 10)
2026-03-12 13:17:53,927 - 
Epoch [26/146] 训练总结 | 用时: 0:00:42 | 学习率: 0.001000 | 平均Charbonnier损失: 2.7376 | 平均LR损失: 1.0479 | 平均总损失: 3.7855 | 平均EPE: 2.7376 | 0.5PER: 88.33% | 1PER: 76.86% | 3PER: 36.12%
2026-03-12 13:18:35,919 - 
Epoch [27/146] 训练总结 | 用时: 0:00:41 | 学习率: 0.001000 | 平均Charbonnier损失: 3.1274 | 平均LR损失: 1.1081 | 平均总损失: 4.2355 | 平均EPE: 3.1274 | 0.5PER: 88.17% | 1PER: 76.76% | 3PER: 40.47%
2026-03-12 13:19:17,871 - 
Epoch [28/146] 训练总结 | 用时: 0:00:41 | 学习率: 0.001000 | 平均Charbonnier损失: 2.7249 | 平均LR损失: 0.9853 | 平均总损失: 3.7102 | 平均EPE: 2.7249 | 0.5PER: 87.57% | 1PER: 75.63% | 3PER: 36.93%
2026-03-12 13:20:00,383 - 
Epoch [29/146] 训练总结 | 用时: 0:00:42 | 学习率: 0.001000 | 平均Charbonnier损失: 3.0675 | 平均LR损失: 1.0799 | 平均总损失: 4.1474 | 平均EPE: 3.0675 | 0.5PER: 89.29% | 1PER: 78.92% | 3PER: 43.71%
2026-03-12 13:20:43,419 - 
Epoch [30/146] 训练总结 | 用时: 0:00:43 | 学习率: 0.001000 | 平均Charbonnier损失: 3.4913 | 平均LR损失: 1.1106 | 平均总损失: 4.6019 | 平均EPE: 3.4913 | 0.5PER: 91.42% | 1PER: 82.84% | 3PER: 48.13%
2026-03-12 13:20:51,168 - Epoch [30/146] 验证结果 | 用时: 0:00:07 | 验证EPE: 11.3793 | 0.5PER: 107.54% | 1PER: 115.05% | 3PER: 143.53% | 最佳EPE: 6.8419 (Epoch 25)
2026-03-12 13:21:34,190 - 
Epoch [31/146] 训练总结 | 用时: 0:00:42 | 学习率: 0.001000 | 平均Charbonnier损失: 3.1645 | 平均LR损失: 1.0820 | 平均总损失: 4.2466 | 平均EPE: 3.1645 | 0.5PER: 89.87% | 1PER: 79.59% | 3PER: 41.80%
2026-03-12 13:22:15,054 - 
Epoch [32/146] 训练总结 | 用时: 0:00:40 | 学习率: 0.001000 | 平均Charbonnier损失: 2.8569 | 平均LR损失: 1.0873 | 平均总损失: 3.9442 | 平均EPE: 2.8569 | 0.5PER: 86.72% | 1PER: 74.36% | 3PER: 35.10%
2026-03-12 13:22:56,353 - 
Epoch [33/146] 训练总结 | 用时: 0:00:41 | 学习率: 0.001000 | 平均Charbonnier损失: 3.0617 | 平均LR损失: 1.0206 | 平均总损失: 4.0823 | 平均EPE: 3.0617 | 0.5PER: 88.94% | 1PER: 78.21% | 3PER: 42.04%
2026-03-12 13:23:38,701 - 
Epoch [34/146] 训练总结 | 用时: 0:00:42 | 学习率: 0.001000 | 平均Charbonnier损失: 3.0114 | 平均LR损失: 1.1352 | 平均总损失: 4.1465 | 平均EPE: 3.0114 | 0.5PER: 89.77% | 1PER: 79.46% | 3PER: 39.84%
2026-03-12 13:24:20,955 - 
Epoch [35/146] 训练总结 | 用时: 0:00:42 | 学习率: 0.001000 | 平均Charbonnier损失: 2.7408 | 平均LR损失: 0.9822 | 平均总损失: 3.7230 | 平均EPE: 2.7408 | 0.5PER: 87.18% | 1PER: 74.81% | 3PER: 34.43%
2026-03-12 13:24:28,881 - Epoch [35/146] 验证结果 | 用时: 0:00:07 | 验证EPE: 9.4763 | 0.5PER: 107.49% | 1PER: 114.83% | 3PER: 141.21% | 最佳EPE: 6.8419 (Epoch 25)
2026-03-12 13:25:11,053 - 
Epoch [36/146] 训练总结 | 用时: 0:00:42 | 学习率: 0.001000 | 平均Charbonnier损失: 2.7129 | 平均LR损失: 1.0080 | 平均总损失: 3.7208 | 平均EPE: 2.7129 | 0.5PER: 88.23% | 1PER: 76.49% | 3PER: 36.14%
2026-03-12 13:25:53,155 - 
Epoch [37/146] 训练总结 | 用时: 0:00:42 | 学习率: 0.001000 | 平均Charbonnier损失: 3.0088 | 平均LR损失: 0.9397 | 平均总损失: 3.9484 | 平均EPE: 3.0088 | 0.5PER: 89.54% | 1PER: 79.22% | 3PER: 41.15%
2026-03-12 13:26:34,546 - 
Epoch [38/146] 训练总结 | 用时: 0:00:41 | 学习率: 0.001000 | 平均Charbonnier损失: 3.1998 | 平均LR损失: 1.1744 | 平均总损失: 4.3742 | 平均EPE: 3.1998 | 0.5PER: 89.67% | 1PER: 79.21% | 3PER: 41.54%
2026-03-12 13:27:13,889 - 
Epoch [39/146] 训练总结 | 用时: 0:00:39 | 学习率: 0.001000 | 平均Charbonnier损失: 3.8993 | 平均LR损失: 1.1922 | 平均总损失: 5.0915 | 平均EPE: 3.8993 | 0.5PER: 92.32% | 1PER: 84.60% | 3PER: 54.99%
2026-03-12 13:27:48,498 - 
Epoch [40/146] 训练总结 | 用时: 0:00:34 | 学习率: 0.001000 | 平均Charbonnier损失: 2.9466 | 平均LR损失: 0.9693 | 平均总损失: 3.9159 | 平均EPE: 2.9466 | 0.5PER: 89.45% | 1PER: 78.91% | 3PER: 40.29%
2026-03-12 13:27:55,488 - Epoch [40/146] 验证结果 | 用时: 0:00:06 | 验证EPE: 9.6794 | 0.5PER: 107.50% | 1PER: 114.91% | 3PER: 140.22% | 最佳EPE: 6.8419 (Epoch 25)
2026-03-12 13:28:28,680 - 
Epoch [41/146] 训练总结 | 用时: 0:00:32 | 学习率: 0.001000 | 平均Charbonnier损失: 2.9640 | 平均LR损失: 0.9847 | 平均总损失: 3.9487 | 平均EPE: 2.9640 | 0.5PER: 88.47% | 1PER: 77.48% | 3PER: 38.55%
2026-03-12 13:29:14,545 - 
Epoch [42/146] 训练总结 | 用时: 0:00:45 | 学习率: 0.001000 | 平均Charbonnier损失: 3.0209 | 平均LR损失: 1.0467 | 平均总损失: 4.0676 | 平均EPE: 3.0209 | 0.5PER: 89.57% | 1PER: 79.10% | 3PER: 40.38%
2026-03-12 13:29:56,813 - 
Epoch [43/146] 训练总结 | 用时: 0:00:42 | 学习率: 0.001000 | 平均Charbonnier损失: 2.8280 | 平均LR损失: 0.9873 | 平均总损失: 3.8153 | 平均EPE: 2.8280 | 0.5PER: 88.81% | 1PER: 77.88% | 3PER: 38.79%
2026-03-12 13:30:39,793 - 
Epoch [44/146] 训练总结 | 用时: 0:00:42 | 学习率: 0.001000 | 平均Charbonnier损失: 3.1860 | 平均LR损失: 0.9392 | 平均总损失: 4.1251 | 平均EPE: 3.1860 | 0.5PER: 88.66% | 1PER: 78.01% | 3PER: 42.61%
2026-03-12 13:31:22,661 - 
Epoch [45/146] 训练总结 | 用时: 0:00:42 | 学习率: 0.001000 | 平均Charbonnier损失: 2.6107 | 平均LR损失: 0.9199 | 平均总损失: 3.5306 | 平均EPE: 2.6107 | 0.5PER: 86.88% | 1PER: 74.23% | 3PER: 32.77%
2026-03-12 13:31:30,642 - Epoch [45/146] 验证结果 | 用时: 0:00:07 | 验证EPE: 8.2951 | 0.5PER: 105.05% | 1PER: 110.78% | 3PER: 136.10% | 最佳EPE: 6.8419 (Epoch 25)
2026-03-12 13:32:13,436 - 
Epoch [46/146] 训练总结 | 用时: 0:00:42 | 学习率: 0.001000 | 平均Charbonnier损失: 2.8417 | 平均LR损失: 1.0115 | 平均总损失: 3.8532 | 平均EPE: 2.8417 | 0.5PER: 87.28% | 1PER: 75.00% | 3PER: 36.93%
2026-03-12 13:32:56,022 - 
Epoch [47/146] 训练总结 | 用时: 0:00:42 | 学习率: 0.001000 | 平均Charbonnier损失: 2.8490 | 平均LR损失: 1.0291 | 平均总损失: 3.8781 | 平均EPE: 2.8490 | 0.5PER: 87.85% | 1PER: 75.93% | 3PER: 36.53%
2026-03-12 13:33:38,971 - 
Epoch [48/146] 训练总结 | 用时: 0:00:42 | 学习率: 0.001000 | 平均Charbonnier损失: 2.8387 | 平均LR损失: 0.9908 | 平均总损失: 3.8295 | 平均EPE: 2.8387 | 0.5PER: 88.69% | 1PER: 77.39% | 3PER: 36.79%
2026-03-12 13:34:21,836 - 
Epoch [49/146] 训练总结 | 用时: 0:00:42 | 学习率: 0.001000 | 平均Charbonnier损失: 2.8022 | 平均LR损失: 1.0788 | 平均总损失: 3.8811 | 平均EPE: 2.8022 | 0.5PER: 88.35% | 1PER: 76.93% | 3PER: 36.50%
2026-03-12 13:35:03,685 - 
Epoch [50/146] 训练总结 | 用时: 0:00:41 | 学习率: 0.001000 | 平均Charbonnier损失: 2.6076 | 平均LR损失: 1.0652 | 平均总损失: 3.6728 | 平均EPE: 2.6076 | 0.5PER: 86.70% | 1PER: 73.62% | 3PER: 32.64%
2026-03-12 13:35:11,450 - Epoch [50/146] 验证结果 | 用时: 0:00:07 | 验证EPE: 6.6110 | 0.5PER: 104.77% | 1PER: 109.63% | 3PER: 132.38% | 最佳EPE: 6.8419 (Epoch 25)
2026-03-12 13:35:54,512 - 
Epoch [51/146] 训练总结 | 用时: 0:00:42 | 学习率: 0.000100 | 平均Charbonnier损失: 2.4949 | 平均LR损失: 0.9458 | 平均总损失: 3.4407 | 平均EPE: 2.4949 | 0.5PER: 86.02% | 1PER: 72.56% | 3PER: 30.91%
2026-03-12 13:36:36,637 - 
Epoch [52/146] 训练总结 | 用时: 0:00:42 | 学习率: 0.000100 | 平均Charbonnier损失: 2.4542 | 平均LR损失: 0.8925 | 平均总损失: 3.3467 | 平均EPE: 2.4542 | 0.5PER: 85.54% | 1PER: 71.68% | 3PER: 29.61%
2026-03-12 13:37:19,860 - 
Epoch [53/146] 训练总结 | 用时: 0:00:43 | 学习率: 0.000100 | 平均Charbonnier损失: 2.4549 | 平均LR损失: 0.9007 | 平均总损失: 3.3556 | 平均EPE: 2.4549 | 0.5PER: 85.32% | 1PER: 71.22% | 3PER: 29.44%
2026-03-12 13:38:01,650 - 
Epoch [54/146] 训练总结 | 用时: 0:00:41 | 学习率: 0.000100 | 平均Charbonnier损失: 2.1348 | 平均LR损失: 0.9416 | 平均总损失: 3.0764 | 平均EPE: 2.1348 | 0.5PER: 85.54% | 1PER: 70.87% | 3PER: 23.22%
2026-03-12 13:38:43,277 - 
Epoch [55/146] 训练总结 | 用时: 0:00:41 | 学习率: 0.000100 | 平均Charbonnier损失: 2.2133 | 平均LR损失: 0.9705 | 平均总损失: 3.1838 | 平均EPE: 2.2133 | 0.5PER: 84.16% | 1PER: 68.97% | 3PER: 25.93%
2026-03-12 13:38:51,269 - Epoch [55/146] 验证结果 | 用时: 0:00:07 | 验证EPE: 8.0341 | 0.5PER: 105.31% | 1PER: 110.95% | 3PER: 135.79% | 最佳EPE: 6.6110 (Epoch 50)
2026-03-12 13:39:33,927 - 
Epoch [56/146] 训练总结 | 用时: 0:00:42 | 学习率: 0.000100 | 平均Charbonnier损失: 2.5826 | 平均LR损失: 0.9006 | 平均总损失: 3.4832 | 平均EPE: 2.5826 | 0.5PER: 86.98% | 1PER: 74.22% | 3PER: 31.24%
2026-03-12 13:40:15,589 - 
Epoch [57/146] 训练总结 | 用时: 0:00:41 | 学习率: 0.000100 | 平均Charbonnier损失: 2.3524 | 平均LR损失: 0.9103 | 平均总损失: 3.2626 | 平均EPE: 2.3524 | 0.5PER: 85.72% | 1PER: 71.89% | 3PER: 27.09%
2026-03-12 13:40:57,088 - 
Epoch [58/146] 训练总结 | 用时: 0:00:41 | 学习率: 0.000100 | 平均Charbonnier损失: 2.3740 | 平均LR损失: 1.0105 | 平均总损失: 3.3844 | 平均EPE: 2.3740 | 0.5PER: 85.54% | 1PER: 71.54% | 3PER: 28.71%
2026-03-12 13:41:40,167 - 
Epoch [59/146] 训练总结 | 用时: 0:00:43 | 学习率: 0.000100 | 平均Charbonnier损失: 2.1845 | 平均LR损失: 0.9711 | 平均总损失: 3.1556 | 平均EPE: 2.1845 | 0.5PER: 84.79% | 1PER: 69.99% | 3PER: 24.65%
2026-03-12 13:42:22,530 - 
Epoch [60/146] 训练总结 | 用时: 0:00:42 | 学习率: 0.000100 | 平均Charbonnier损失: 2.1292 | 平均LR损失: 1.0054 | 平均总损失: 3.1347 | 平均EPE: 2.1292 | 0.5PER: 83.39% | 1PER: 67.70% | 3PER: 23.74%
2026-03-12 13:42:30,699 - Epoch [60/146] 验证结果 | 用时: 0:00:08 | 验证EPE: 7.7875 | 0.5PER: 105.18% | 1PER: 110.60% | 3PER: 135.37% | 最佳EPE: 6.6110 (Epoch 50)
2026-03-12 13:43:12,734 - 
Epoch [61/146] 训练总结 | 用时: 0:00:41 | 学习率: 0.000100 | 平均Charbonnier损失: 2.2762 | 平均LR损失: 0.9597 | 平均总损失: 3.2359 | 平均EPE: 2.2762 | 0.5PER: 86.48% | 1PER: 72.88% | 3PER: 26.14%
2026-03-12 13:43:58,021 - 
Epoch [62/146] 训练总结 | 用时: 0:00:45 | 学习率: 0.000100 | 平均Charbonnier损失: 2.2582 | 平均LR损失: 0.9200 | 平均总损失: 3.1781 | 平均EPE: 2.2582 | 0.5PER: 84.66% | 1PER: 70.13% | 3PER: 27.02%
2026-03-12 13:44:35,430 - 
Epoch [63/146] 训练总结 | 用时: 0:00:37 | 学习率: 0.000100 | 平均Charbonnier损失: 2.1890 | 平均LR损失: 0.9712 | 平均总损失: 3.1602 | 平均EPE: 2.1890 | 0.5PER: 84.44% | 1PER: 69.81% | 3PER: 25.79%
2026-03-12 13:45:09,989 - 
Epoch [64/146] 训练总结 | 用时: 0:00:34 | 学习率: 0.000100 | 平均Charbonnier损失: 2.1323 | 平均LR损失: 0.9030 | 平均总损失: 3.0353 | 平均EPE: 2.1322 | 0.5PER: 84.60% | 1PER: 69.87% | 3PER: 22.99%
2026-03-12 13:45:42,725 - 
Epoch [65/146] 训练总结 | 用时: 0:00:32 | 学习率: 0.000100 | 平均Charbonnier损失: 2.1528 | 平均LR损失: 0.9666 | 平均总损失: 3.1194 | 平均EPE: 2.1528 | 0.5PER: 83.52% | 1PER: 67.70% | 3PER: 23.98%
2026-03-12 13:45:54,005 - Epoch [65/146] 验证结果 | 用时: 0:00:11 | 验证EPE: 7.6884 | 0.5PER: 105.35% | 1PER: 110.61% | 3PER: 134.83% | 最佳EPE: 6.6110 (Epoch 50)
2026-03-12 13:46:36,214 - 
Epoch [66/146] 训练总结 | 用时: 0:00:42 | 学习率: 0.000100 | 平均Charbonnier损失: 2.1619 | 平均LR损失: 0.9041 | 平均总损失: 3.0660 | 平均EPE: 2.1619 | 0.5PER: 83.81% | 1PER: 68.59% | 3PER: 25.00%
2026-03-12 13:47:18,478 - 
Epoch [67/146] 训练总结 | 用时: 0:00:42 | 学习率: 0.000100 | 平均Charbonnier损失: 2.0298 | 平均LR损失: 0.9501 | 平均总损失: 2.9798 | 平均EPE: 2.0298 | 0.5PER: 82.51% | 1PER: 66.30% | 3PER: 21.64%
2026-03-12 13:48:00,892 - 
Epoch [68/146] 训练总结 | 用时: 0:00:42 | 学习率: 0.000100 | 平均Charbonnier损失: 2.1796 | 平均LR损失: 0.9716 | 平均总损失: 3.1512 | 平均EPE: 2.1796 | 0.5PER: 84.63% | 1PER: 69.57% | 3PER: 24.73%
2026-03-12 13:48:43,819 - 
Epoch [69/146] 训练总结 | 用时: 0:00:42 | 学习率: 0.000100 | 平均Charbonnier损失: 2.2152 | 平均LR损失: 0.9846 | 平均总损失: 3.1998 | 平均EPE: 2.2152 | 0.5PER: 85.25% | 1PER: 70.69% | 3PER: 25.66%
2026-03-12 13:49:26,152 - 
Epoch [70/146] 训练总结 | 用时: 0:00:42 | 学习率: 0.000100 | 平均Charbonnier损失: 2.2042 | 平均LR损失: 0.9540 | 平均总损失: 3.1582 | 平均EPE: 2.2042 | 0.5PER: 85.18% | 1PER: 70.76% | 3PER: 24.71%
2026-03-12 13:49:33,971 - Epoch [70/146] 验证结果 | 用时: 0:00:07 | 验证EPE: 7.3342 | 0.5PER: 105.42% | 1PER: 110.76% | 3PER: 134.72% | 最佳EPE: 6.6110 (Epoch 50)
2026-03-12 13:50:17,031 - 
Epoch [71/146] 训练总结 | 用时: 0:00:42 | 学习率: 0.000100 | 平均Charbonnier损失: 2.2738 | 平均LR损失: 0.9342 | 平均总损失: 3.2079 | 平均EPE: 2.2738 | 0.5PER: 84.44% | 1PER: 69.84% | 3PER: 26.11%
2026-03-12 13:51:00,415 - 
Epoch [72/146] 训练总结 | 用时: 0:00:43 | 学习率: 0.000100 | 平均Charbonnier损失: 2.0872 | 平均LR损失: 0.9923 | 平均总损失: 3.0795 | 平均EPE: 2.0872 | 0.5PER: 82.30% | 1PER: 66.32% | 3PER: 22.18%
2026-03-12 13:51:43,588 - 
Epoch [73/146] 训练总结 | 用时: 0:00:43 | 学习率: 0.000100 | 平均Charbonnier损失: 2.0870 | 平均LR损失: 0.9850 | 平均总损失: 3.0720 | 平均EPE: 2.0870 | 0.5PER: 83.56% | 1PER: 67.74% | 3PER: 23.09%
2026-03-12 13:52:25,923 - 
Epoch [74/146] 训练总结 | 用时: 0:00:42 | 学习率: 0.000100 | 平均Charbonnier损失: 2.0971 | 平均LR损失: 0.9609 | 平均总损失: 3.0579 | 平均EPE: 2.0971 | 0.5PER: 83.65% | 1PER: 68.24% | 3PER: 23.72%
2026-03-12 13:53:07,948 - 
Epoch [75/146] 训练总结 | 用时: 0:00:42 | 学习率: 0.000100 | 平均Charbonnier损失: 2.1625 | 平均LR损失: 0.9181 | 平均总损失: 3.0807 | 平均EPE: 2.1625 | 0.5PER: 84.53% | 1PER: 69.66% | 3PER: 24.76%
2026-03-12 13:53:15,934 - Epoch [75/146] 验证结果 | 用时: 0:00:07 | 验证EPE: 7.2963 | 0.5PER: 105.04% | 1PER: 110.31% | 3PER: 134.56% | 最佳EPE: 6.6110 (Epoch 50)
2026-03-12 13:53:57,895 - 
Epoch [76/146] 训练总结 | 用时: 0:00:41 | 学习率: 0.000100 | 平均Charbonnier损失: 2.1235 | 平均LR损失: 0.9799 | 平均总损失: 3.1035 | 平均EPE: 2.1235 | 0.5PER: 83.15% | 1PER: 67.43% | 3PER: 24.08%
2026-03-12 13:54:41,347 - 
Epoch [77/146] 训练总结 | 用时: 0:00:43 | 学习率: 0.000100 | 平均Charbonnier损失: 2.0519 | 平均LR损失: 0.9943 | 平均总损失: 3.0462 | 平均EPE: 2.0519 | 0.5PER: 84.80% | 1PER: 69.90% | 3PER: 21.56%
2026-03-12 13:55:24,060 - 
Epoch [78/146] 训练总结 | 用时: 0:00:42 | 学习率: 0.000100 | 平均Charbonnier损失: 1.9338 | 平均LR损失: 0.9817 | 平均总损失: 2.9155 | 平均EPE: 1.9338 | 0.5PER: 81.99% | 1PER: 65.12% | 3PER: 18.68%
2026-03-12 21:56:06,063 - 
Epoch [79/146] 训练总结 | 用时: 8:00:42 | 学习率: 0.000100 | 平均Charbonnier损失: 2.1541 | 平均LR损失: 0.9801 | 平均总损失: 3.1343 | 平均EPE: 2.1541 | 0.5PER: 84.19% | 1PER: 69.25% | 3PER: 24.04%
2026-03-12 21:56:48,410 - 
Epoch [80/146] 训练总结 | 用时: 0:00:42 | 学习率: 0.000100 | 平均Charbonnier损失: 2.0666 | 平均LR损失: 0.8871 | 平均总损失: 2.9537 | 平均EPE: 2.0666 | 0.5PER: 84.46% | 1PER: 68.99% | 3PER: 21.62%
2026-03-12 21:56:56,183 - Epoch [80/146] 验证结果 | 用时: 0:00:07 | 验证EPE: 7.8860 | 0.5PER: 105.31% | 1PER: 110.93% | 3PER: 135.69% | 最佳EPE: 6.6110 (Epoch 50)
2026-03-12 21:57:38,321 - 
Epoch [81/146] 训练总结 | 用时: 0:00:41 | 学习率: 0.000100 | 平均Charbonnier损失: 2.1271 | 平均LR损失: 0.9630 | 平均总损失: 3.0901 | 平均EPE: 2.1271 | 0.5PER: 84.98% | 1PER: 70.37% | 3PER: 23.82%
2026-03-12 21:58:27,929 - 
Epoch [82/146] 训练总结 | 用时: 0:00:49 | 学习率: 0.000100 | 平均Charbonnier损失: 2.2649 | 平均LR损失: 1.0059 | 平均总损失: 3.2709 | 平均EPE: 2.2649 | 0.5PER: 85.46% | 1PER: 71.45% | 3PER: 26.91%
2026-03-12 21:59:09,568 - 
Epoch [83/146] 训练总结 | 用时: 0:00:41 | 学习率: 0.000100 | 平均Charbonnier损失: 2.1512 | 平均LR损失: 0.9618 | 平均总损失: 3.1130 | 平均EPE: 2.1512 | 0.5PER: 83.53% | 1PER: 67.88% | 3PER: 24.44%
2026-03-12 21:59:51,714 - 
Epoch [84/146] 训练总结 | 用时: 0:00:42 | 学习率: 0.000100 | 平均Charbonnier损失: 2.0841 | 平均LR损失: 0.9009 | 平均总损失: 2.9849 | 平均EPE: 2.0841 | 0.5PER: 83.88% | 1PER: 68.42% | 3PER: 22.05%
2026-03-12 22:00:33,886 - 
Epoch [85/146] 训练总结 | 用时: 0:00:42 | 学习率: 0.000100 | 平均Charbonnier损失: 2.1538 | 平均LR损失: 0.9556 | 平均总损失: 3.1094 | 平均EPE: 2.1538 | 0.5PER: 84.19% | 1PER: 68.87% | 3PER: 24.45%
2026-03-12 22:00:41,832 - Epoch [85/146] 验证结果 | 用时: 0:00:07 | 验证EPE: 7.3807 | 0.5PER: 105.15% | 1PER: 110.37% | 3PER: 134.65% | 最佳EPE: 6.6110 (Epoch 50)
2026-03-12 22:01:24,291 - 
Epoch [86/146] 训练总结 | 用时: 0:00:42 | 学习率: 0.000100 | 平均Charbonnier损失: 2.0702 | 平均LR损失: 0.9107 | 平均总损失: 2.9810 | 平均EPE: 2.0702 | 0.5PER: 83.41% | 1PER: 67.37% | 3PER: 22.99%
2026-03-12 22:02:01,219 - 
Epoch [87/146] 训练总结 | 用时: 0:00:36 | 学习率: 0.000100 | 平均Charbonnier损失: 2.0726 | 平均LR损失: 0.9468 | 平均总损失: 3.0194 | 平均EPE: 2.0726 | 0.5PER: 84.88% | 1PER: 70.20% | 3PER: 22.14%
2026-03-12 22:02:35,510 - 
Epoch [88/146] 训练总结 | 用时: 0:00:34 | 学习率: 0.000100 | 平均Charbonnier损失: 2.1009 | 平均LR损失: 0.9606 | 平均总损失: 3.0615 | 平均EPE: 2.1009 | 0.5PER: 84.04% | 1PER: 69.16% | 3PER: 23.34%
2026-03-12 22:03:08,053 - 
Epoch [89/146] 训练总结 | 用时: 0:00:32 | 学习率: 0.000100 | 平均Charbonnier损失: 2.1009 | 平均LR损失: 0.9733 | 平均总损失: 3.0741 | 平均EPE: 2.1009 | 0.5PER: 82.82% | 1PER: 66.49% | 3PER: 23.46%
2026-03-12 22:03:47,717 - 
Epoch [90/146] 训练总结 | 用时: 0:00:39 | 学习率: 0.000100 | 平均Charbonnier损失: 1.9541 | 平均LR损失: 0.9882 | 平均总损失: 2.9424 | 平均EPE: 1.9541 | 0.5PER: 82.91% | 1PER: 66.55% | 3PER: 19.70%
2026-03-12 22:03:55,340 - Epoch [90/146] 验证结果 | 用时: 0:00:07 | 验证EPE: 8.2261 | 0.5PER: 105.63% | 1PER: 111.55% | 3PER: 136.44% | 最佳EPE: 6.6110 (Epoch 50)
2026-03-12 22:04:37,224 - 
Epoch [91/146] 训练总结 | 用时: 0:00:41 | 学习率: 0.000100 | 平均Charbonnier损失: 1.9954 | 平均LR损失: 0.9328 | 平均总损失: 2.9283 | 平均EPE: 1.9954 | 0.5PER: 82.14% | 1PER: 65.33% | 3PER: 20.63%
2026-03-12 22:05:19,088 - 
Epoch [92/146] 训练总结 | 用时: 0:00:41 | 学习率: 0.000100 | 平均Charbonnier损失: 2.1864 | 平均LR损失: 0.9388 | 平均总损失: 3.1252 | 平均EPE: 2.1864 | 0.5PER: 85.38% | 1PER: 70.85% | 3PER: 25.00%
2026-03-12 22:06:01,417 - 
Epoch [93/146] 训练总结 | 用时: 0:00:42 | 学习率: 0.000100 | 平均Charbonnier损失: 2.2375 | 平均LR损失: 0.9062 | 平均总损失: 3.1437 | 平均EPE: 2.2375 | 0.5PER: 85.87% | 1PER: 71.91% | 3PER: 27.01%
2026-03-12 22:06:43,485 - 
Epoch [94/146] 训练总结 | 用时: 0:00:42 | 学习率: 0.000100 | 平均Charbonnier损失: 2.1784 | 平均LR损失: 0.9036 | 平均总损失: 3.0819 | 平均EPE: 2.1784 | 0.5PER: 84.21% | 1PER: 69.15% | 3PER: 24.36%
2026-03-12 22:07:26,369 - 
Epoch [95/146] 训练总结 | 用时: 0:00:42 | 学习率: 0.000100 | 平均Charbonnier损失: 2.1741 | 平均LR损失: 0.9073 | 平均总损失: 3.0814 | 平均EPE: 2.1741 | 0.5PER: 83.63% | 1PER: 68.29% | 3PER: 25.17%
2026-03-12 22:07:34,436 - Epoch [95/146] 验证结果 | 用时: 0:00:08 | 验证EPE: 8.4282 | 0.5PER: 105.61% | 1PER: 111.54% | 3PER: 136.67% | 最佳EPE: 6.6110 (Epoch 50)
2026-03-12 22:08:16,792 - 
Epoch [96/146] 训练总结 | 用时: 0:00:42 | 学习率: 0.000100 | 平均Charbonnier损失: 2.0152 | 平均LR损失: 0.9530 | 平均总损失: 2.9681 | 平均EPE: 2.0152 | 0.5PER: 83.75% | 1PER: 67.88% | 3PER: 19.85%
2026-03-12 22:08:59,207 - 
Epoch [97/146] 训练总结 | 用时: 0:00:42 | 学习率: 0.000100 | 平均Charbonnier损失: 2.0889 | 平均LR损失: 0.9187 | 平均总损失: 3.0076 | 平均EPE: 2.0889 | 0.5PER: 83.45% | 1PER: 67.88% | 3PER: 24.05%
2026-03-12 22:09:41,178 - 
Epoch [98/146] 训练总结 | 用时: 0:00:41 | 学习率: 0.000100 | 平均Charbonnier损失: 1.9187 | 平均LR损失: 0.9170 | 平均总损失: 2.8357 | 平均EPE: 1.9187 | 0.5PER: 83.05% | 1PER: 66.85% | 3PER: 19.21%
2026-03-12 22:10:22,802 - 
Epoch [99/146] 训练总结 | 用时: 0:00:41 | 学习率: 0.000100 | 平均Charbonnier损失: 1.9277 | 平均LR损失: 0.9840 | 平均总损失: 2.9117 | 平均EPE: 1.9277 | 0.5PER: 82.28% | 1PER: 65.16% | 3PER: 19.29%
2026-03-12 22:11:04,306 - 
Epoch [100/146] 训练总结 | 用时: 0:00:41 | 学习率: 0.000100 | 平均Charbonnier损失: 2.1435 | 平均LR损失: 0.9493 | 平均总损失: 3.0928 | 平均EPE: 2.1435 | 0.5PER: 83.94% | 1PER: 68.59% | 3PER: 24.46%
2026-03-12 22:11:12,247 - Epoch [100/146] 验证结果 | 用时: 0:00:07 | 验证EPE: 8.1971 | 0.5PER: 105.62% | 1PER: 111.51% | 3PER: 136.35% | 最佳EPE: 6.6110 (Epoch 50)
2026-03-12 22:11:55,038 - 
Epoch [101/146] 训练总结 | 用时: 0:00:42 | 学习率: 0.000010 | 平均Charbonnier损失: 1.9744 | 平均LR损失: 0.9344 | 平均总损失: 2.9088 | 平均EPE: 1.9744 | 0.5PER: 81.84% | 1PER: 65.20% | 3PER: 20.05%
2026-03-12 22:12:36,992 - 
Epoch [102/146] 训练总结 | 用时: 0:00:41 | 学习率: 0.000010 | 平均Charbonnier损失: 1.9626 | 平均LR损失: 0.8788 | 平均总损失: 2.8413 | 平均EPE: 1.9626 | 0.5PER: 82.75% | 1PER: 66.10% | 3PER: 20.54%
2026-03-12 22:13:18,177 - 
Epoch [103/146] 训练总结 | 用时: 0:00:41 | 学习率: 0.000010 | 平均Charbonnier损失: 1.9223 | 平均LR损失: 0.9675 | 平均总损失: 2.8898 | 平均EPE: 1.9223 | 0.5PER: 82.32% | 1PER: 65.30% | 3PER: 18.13%
2026-03-12 22:14:00,006 - 
Epoch [104/146] 训练总结 | 用时: 0:00:41 | 学习率: 0.000010 | 平均Charbonnier损失: 1.9550 | 平均LR损失: 0.8873 | 平均总损失: 2.8423 | 平均EPE: 1.9550 | 0.5PER: 81.71% | 1PER: 64.58% | 3PER: 20.61%
2026-03-12 22:14:41,530 - 
Epoch [105/146] 训练总结 | 用时: 0:00:41 | 学习率: 0.000010 | 平均Charbonnier损失: 2.0289 | 平均LR损失: 0.9033 | 平均总损失: 2.9323 | 平均EPE: 2.0289 | 0.5PER: 82.30% | 1PER: 65.77% | 3PER: 22.50%
2026-03-12 22:14:49,373 - Epoch [105/146] 验证结果 | 用时: 0:00:07 | 验证EPE: 8.2229 | 0.5PER: 105.59% | 1PER: 111.46% | 3PER: 136.41% | 最佳EPE: 6.6110 (Epoch 50)
2026-03-12 22:15:30,858 - 
Epoch [106/146] 训练总结 | 用时: 0:00:41 | 学习率: 0.000010 | 平均Charbonnier损失: 2.0428 | 平均LR损失: 0.8608 | 平均总损失: 2.9036 | 平均EPE: 2.0428 | 0.5PER: 82.91% | 1PER: 67.02% | 3PER: 22.38%
2026-03-12 22:16:10,994 - 
Epoch [107/146] 训练总结 | 用时: 0:00:40 | 学习率: 0.000010 | 平均Charbonnier损失: 1.9245 | 平均LR损失: 0.9454 | 平均总损失: 2.8700 | 平均EPE: 1.9245 | 0.5PER: 82.37% | 1PER: 65.91% | 3PER: 19.02%
2026-03-12 22:16:52,866 - 
Epoch [108/146] 训练总结 | 用时: 0:00:41 | 学习率: 0.000010 | 平均Charbonnier损失: 1.9902 | 平均LR损失: 0.9581 | 平均总损失: 2.9483 | 平均EPE: 1.9902 | 0.5PER: 82.43% | 1PER: 65.73% | 3PER: 21.42%
2026-03-12 22:17:34,180 - 
Epoch [109/146] 训练总结 | 用时: 0:00:41 | 学习率: 0.000010 | 平均Charbonnier损失: 2.0084 | 平均LR损失: 0.8635 | 平均总损失: 2.8719 | 平均EPE: 2.0084 | 0.5PER: 83.35% | 1PER: 67.47% | 3PER: 21.42%
2026-03-12 22:18:15,266 - 
Epoch [110/146] 训练总结 | 用时: 0:00:41 | 学习率: 0.000010 | 平均Charbonnier损失: 1.9865 | 平均LR损失: 0.9096 | 平均总损失: 2.8960 | 平均EPE: 1.9865 | 0.5PER: 82.54% | 1PER: 66.23% | 3PER: 20.55%
2026-03-12 22:18:23,393 - Epoch [110/146] 验证结果 | 用时: 0:00:08 | 验证EPE: 8.2831 | 0.5PER: 105.61% | 1PER: 111.50% | 3PER: 136.53% | 最佳EPE: 6.6110 (Epoch 50)
2026-03-12 22:19:03,874 - 
Epoch [111/146] 训练总结 | 用时: 0:00:40 | 学习率: 0.000010 | 平均Charbonnier损失: 2.0613 | 平均LR损失: 0.8991 | 平均总损失: 2.9604 | 平均EPE: 2.0613 | 0.5PER: 82.99% | 1PER: 66.99% | 3PER: 22.77%
2026-03-12 22:19:45,312 - 
Epoch [112/146] 训练总结 | 用时: 0:00:41 | 学习率: 0.000010 | 平均Charbonnier损失: 2.0078 | 平均LR损失: 0.9631 | 平均总损失: 2.9709 | 平均EPE: 2.0078 | 0.5PER: 83.74% | 1PER: 67.93% | 3PER: 19.63%
2026-03-12 22:20:26,649 - 
Epoch [113/146] 训练总结 | 用时: 0:00:41 | 学习率: 0.000010 | 平均Charbonnier损失: 1.9789 | 平均LR损失: 0.9634 | 平均总损失: 2.9423 | 平均EPE: 1.9789 | 0.5PER: 81.63% | 1PER: 64.92% | 3PER: 20.57%
2026-03-12 22:21:07,658 - 
Epoch [114/146] 训练总结 | 用时: 0:00:41 | 学习率: 0.000010 | 平均Charbonnier损失: 1.9337 | 平均LR损失: 0.9502 | 平均总损失: 2.8839 | 平均EPE: 1.9337 | 0.5PER: 82.18% | 1PER: 65.17% | 3PER: 19.36%
2026-03-12 22:21:49,582 - 
Epoch [115/146] 训练总结 | 用时: 0:00:41 | 学习率: 0.000010 | 平均Charbonnier损失: 1.9942 | 平均LR损失: 0.9519 | 平均总损失: 2.9461 | 平均EPE: 1.9942 | 0.5PER: 81.79% | 1PER: 64.88% | 3PER: 21.59%
2026-03-12 22:21:57,440 - Epoch [115/146] 验证结果 | 用时: 0:00:07 | 验证EPE: 8.1582 | 0.5PER: 105.54% | 1PER: 111.38% | 3PER: 136.32% | 最佳EPE: 6.6110 (Epoch 50)
2026-03-12 22:22:34,041 - 
Epoch [116/146] 训练总结 | 用时: 0:00:36 | 学习率: 0.000010 | 平均Charbonnier损失: 1.8826 | 平均LR损失: 1.0154 | 平均总损失: 2.8980 | 平均EPE: 1.8826 | 0.5PER: 80.85% | 1PER: 63.50% | 3PER: 18.96%
2026-03-12 22:23:07,922 - 
Epoch [117/146] 训练总结 | 用时: 0:00:33 | 学习率: 0.000010 | 平均Charbonnier损失: 1.8527 | 平均LR损失: 1.0051 | 平均总损失: 2.8579 | 平均EPE: 1.8527 | 0.5PER: 81.36% | 1PER: 63.91% | 3PER: 17.27%
2026-03-12 22:23:38,819 - 
Epoch [118/146] 训练总结 | 用时: 0:00:30 | 学习率: 0.000010 | 平均Charbonnier损失: 1.9705 | 平均LR损失: 0.9497 | 平均总损失: 2.9202 | 平均EPE: 1.9705 | 0.5PER: 82.31% | 1PER: 66.28% | 3PER: 20.67%
2026-03-12 22:24:09,589 - 
Epoch [119/146] 训练总结 | 用时: 0:00:30 | 学习率: 0.000010 | 平均Charbonnier损失: 1.9616 | 平均LR损失: 0.9390 | 平均总损失: 2.9007 | 平均EPE: 1.9616 | 0.5PER: 81.95% | 1PER: 65.19% | 3PER: 20.15%
2026-03-12 22:24:38,917 - 
Epoch [120/146] 训练总结 | 用时: 0:00:29 | 学习率: 0.000010 | 平均Charbonnier损失: 1.9901 | 平均LR损失: 0.9343 | 平均总损失: 2.9244 | 平均EPE: 1.9900 | 0.5PER: 82.81% | 1PER: 66.18% | 3PER: 20.38%
2026-03-12 22:24:45,568 - Epoch [120/146] 验证结果 | 用时: 0:00:06 | 验证EPE: 8.1896 | 0.5PER: 105.56% | 1PER: 111.39% | 3PER: 136.36% | 最佳EPE: 6.6110 (Epoch 50)
2026-03-12 22:25:16,266 - 
Epoch [121/146] 训练总结 | 用时: 0:00:30 | 学习率: 0.000010 | 平均Charbonnier损失: 1.9908 | 平均LR损失: 0.9126 | 平均总损失: 2.9034 | 平均EPE: 1.9908 | 0.5PER: 83.66% | 1PER: 67.57% | 3PER: 20.01%
2026-03-12 22:25:46,018 - 
Epoch [122/146] 训练总结 | 用时: 0:00:29 | 学习率: 0.000010 | 平均Charbonnier损失: 2.0014 | 平均LR损失: 0.8850 | 平均总损失: 2.8864 | 平均EPE: 2.0014 | 0.5PER: 83.72% | 1PER: 67.93% | 3PER: 21.57%
2026-03-12 22:26:17,122 - 
Epoch [123/146] 训练总结 | 用时: 0:00:31 | 学习率: 0.000010 | 平均Charbonnier损失: 1.8976 | 平均LR损失: 0.9467 | 平均总损失: 2.8443 | 平均EPE: 1.8976 | 0.5PER: 81.59% | 1PER: 64.37% | 3PER: 18.43%
2026-03-12 22:26:48,149 - 
Epoch [124/146] 训练总结 | 用时: 0:00:31 | 学习率: 0.000010 | 平均Charbonnier损失: 1.9961 | 平均LR损失: 0.9014 | 平均总损失: 2.8975 | 平均EPE: 1.9961 | 0.5PER: 83.39% | 1PER: 67.32% | 3PER: 21.48%
2026-03-12 22:27:18,800 - 
Epoch [125/146] 训练总结 | 用时: 0:00:30 | 学习率: 0.000010 | 平均Charbonnier损失: 1.9698 | 平均LR损失: 0.9320 | 平均总损失: 2.9018 | 平均EPE: 1.9698 | 0.5PER: 83.04% | 1PER: 66.60% | 3PER: 20.06%
2026-03-12 22:27:24,866 - Epoch [125/146] 验证结果 | 用时: 0:00:06 | 验证EPE: 8.2094 | 0.5PER: 105.66% | 1PER: 111.55% | 3PER: 136.52% | 最佳EPE: 6.6110 (Epoch 50)
2026-03-12 22:27:54,137 - 
Epoch [126/146] 训练总结 | 用时: 0:00:29 | 学习率: 0.000010 | 平均Charbonnier损失: 2.0254 | 平均LR损失: 0.8898 | 平均总损失: 2.9152 | 平均EPE: 2.0254 | 0.5PER: 82.98% | 1PER: 67.03% | 3PER: 22.61%
2026-03-12 22:28:23,354 - 
Epoch [127/146] 训练总结 | 用时: 0:00:29 | 学习率: 0.000010 | 平均Charbonnier损失: 1.9451 | 平均LR损失: 0.9613 | 平均总损失: 2.9064 | 平均EPE: 1.9451 | 0.5PER: 82.69% | 1PER: 65.94% | 3PER: 19.62%
2026-03-12 22:28:52,450 - 
Epoch [128/146] 训练总结 | 用时: 0:00:29 | 学习率: 0.000010 | 平均Charbonnier损失: 1.9829 | 平均LR损失: 0.9622 | 平均总损失: 2.9451 | 平均EPE: 1.9829 | 0.5PER: 82.12% | 1PER: 65.46% | 3PER: 20.85%
2026-03-12 22:29:21,556 - 
Epoch [129/146] 训练总结 | 用时: 0:00:29 | 学习率: 0.000010 | 平均Charbonnier损失: 2.0200 | 平均LR损失: 0.9127 | 平均总损失: 2.9327 | 平均EPE: 2.0200 | 0.5PER: 83.13% | 1PER: 66.88% | 3PER: 21.65%
2026-03-12 22:29:50,680 - 
Epoch [130/146] 训练总结 | 用时: 0:00:29 | 学习率: 0.000010 | 平均Charbonnier损失: 1.9793 | 平均LR损失: 0.9412 | 平均总损失: 2.9204 | 平均EPE: 1.9793 | 0.5PER: 83.06% | 1PER: 66.30% | 3PER: 20.08%
2026-03-12 22:29:56,676 - Epoch [130/146] 验证结果 | 用时: 0:00:05 | 验证EPE: 8.0136 | 0.5PER: 105.45% | 1PER: 111.19% | 3PER: 136.08% | 最佳EPE: 6.6110 (Epoch 50)
2026-03-12 22:30:26,172 - 
Epoch [131/146] 训练总结 | 用时: 0:00:29 | 学习率: 0.000010 | 平均Charbonnier损失: 1.9033 | 平均LR损失: 0.9144 | 平均总损失: 2.8177 | 平均EPE: 1.9032 | 0.5PER: 83.14% | 1PER: 66.47% | 3PER: 18.62%
2026-03-12 22:30:55,503 - 
Epoch [132/146] 训练总结 | 用时: 0:00:29 | 学习率: 0.000010 | 平均Charbonnier损失: 1.9638 | 平均LR损失: 0.8967 | 平均总损失: 2.8605 | 平均EPE: 1.9638 | 0.5PER: 82.58% | 1PER: 65.89% | 3PER: 19.65%
2026-03-12 22:31:25,458 - 
Epoch [133/146] 训练总结 | 用时: 0:00:29 | 学习率: 0.000010 | 平均Charbonnier损失: 1.9560 | 平均LR损失: 0.9217 | 平均总损失: 2.8777 | 平均EPE: 1.9560 | 0.5PER: 82.59% | 1PER: 66.06% | 3PER: 20.22%
2026-03-12 22:31:54,884 - 
Epoch [134/146] 训练总结 | 用时: 0:00:29 | 学习率: 0.000010 | 平均Charbonnier损失: 1.9575 | 平均LR损失: 0.9849 | 平均总损失: 2.9425 | 平均EPE: 1.9575 | 0.5PER: 82.97% | 1PER: 66.68% | 3PER: 19.54%
2026-03-12 22:32:24,175 - 
Epoch [135/146] 训练总结 | 用时: 0:00:29 | 学习率: 0.000010 | 平均Charbonnier损失: 2.0396 | 平均LR损失: 0.8836 | 平均总损失: 2.9232 | 平均EPE: 2.0396 | 0.5PER: 84.59% | 1PER: 69.17% | 3PER: 21.31%
2026-03-12 22:32:30,109 - Epoch [135/146] 验证结果 | 用时: 0:00:05 | 验证EPE: 8.0608 | 0.5PER: 105.48% | 1PER: 111.18% | 3PER: 136.10% | 最佳EPE: 6.6110 (Epoch 50)
2026-03-12 22:32:59,985 - 
Epoch [136/146] 训练总结 | 用时: 0:00:29 | 学习率: 0.000010 | 平均Charbonnier损失: 2.0449 | 平均LR损失: 0.9224 | 平均总损失: 2.9673 | 平均EPE: 2.0449 | 0.5PER: 83.49% | 1PER: 67.68% | 3PER: 21.65%
2026-03-12 22:33:29,319 - 
Epoch [137/146] 训练总结 | 用时: 0:00:29 | 学习率: 0.000010 | 平均Charbonnier损失: 1.9457 | 平均LR损失: 0.9557 | 平均总损失: 2.9014 | 平均EPE: 1.9457 | 0.5PER: 82.95% | 1PER: 66.00% | 3PER: 18.90%
2026-03-12 22:33:59,539 - 
Epoch [138/146] 训练总结 | 用时: 0:00:30 | 学习率: 0.000010 | 平均Charbonnier损失: 2.0000 | 平均LR损失: 0.9164 | 平均总损失: 2.9164 | 平均EPE: 2.0000 | 0.5PER: 83.20% | 1PER: 67.30% | 3PER: 20.24%
2026-03-12 22:34:29,364 - 
Epoch [139/146] 训练总结 | 用时: 0:00:29 | 学习率: 0.000010 | 平均Charbonnier损失: 2.0360 | 平均LR损失: 0.9179 | 平均总损失: 2.9539 | 平均EPE: 2.0360 | 0.5PER: 83.35% | 1PER: 67.37% | 3PER: 21.97%
2026-03-12 22:34:58,733 - 
Epoch [140/146] 训练总结 | 用时: 0:00:29 | 学习率: 0.000010 | 平均Charbonnier损失: 1.9231 | 平均LR损失: 0.9507 | 平均总损失: 2.8739 | 平均EPE: 1.9231 | 0.5PER: 81.97% | 1PER: 65.05% | 3PER: 19.49%
2026-03-12 22:35:04,685 - Epoch [140/146] 验证结果 | 用时: 0:00:05 | 验证EPE: 8.0220 | 0.5PER: 105.47% | 1PER: 111.20% | 3PER: 136.07% | 最佳EPE: 6.6110 (Epoch 50)
2026-03-12 22:35:34,366 - 
Epoch [141/146] 训练总结 | 用时: 0:00:29 | 学习率: 0.000010 | 平均Charbonnier损失: 1.9488 | 平均LR损失: 0.9073 | 平均总损失: 2.8561 | 平均EPE: 1.9488 | 0.5PER: 83.18% | 1PER: 67.02% | 3PER: 19.75%
2026-03-12 22:36:04,874 - 
Epoch [142/146] 训练总结 | 用时: 0:00:30 | 学习率: 0.000010 | 平均Charbonnier损失: 2.0104 | 平均LR损失: 0.9500 | 平均总损失: 2.9605 | 平均EPE: 2.0104 | 0.5PER: 82.85% | 1PER: 66.51% | 3PER: 20.73%
2026-03-12 22:36:35,553 - 
Epoch [143/146] 训练总结 | 用时: 0:00:30 | 学习率: 0.000010 | 平均Charbonnier损失: 1.9856 | 平均LR损失: 0.9161 | 平均总损失: 2.9017 | 平均EPE: 1.9856 | 0.5PER: 82.05% | 1PER: 65.08% | 3PER: 20.27%
2026-03-12 22:37:05,585 - 
Epoch [144/146] 训练总结 | 用时: 0:00:30 | 学习率: 0.000010 | 平均Charbonnier损失: 1.9207 | 平均LR损失: 0.9305 | 平均总损失: 2.8511 | 平均EPE: 1.9207 | 0.5PER: 81.90% | 1PER: 64.52% | 3PER: 19.40%
2026-03-12 22:37:35,118 - 
Epoch [145/146] 训练总结 | 用时: 0:00:29 | 学习率: 0.000010 | 平均Charbonnier损失: 1.9658 | 平均LR损失: 0.9324 | 平均总损失: 2.8981 | 平均EPE: 1.9658 | 0.5PER: 82.63% | 1PER: 66.23% | 3PER: 19.93%
2026-03-12 22:37:40,925 - Epoch [145/146] 验证结果 | 用时: 0:00:05 | 验证EPE: 8.1964 | 0.5PER: 105.66% | 1PER: 111.55% | 3PER: 136.54% | 最佳EPE: 6.6110 (Epoch 50)
2026-03-12 22:38:10,122 - 
Epoch [146/146] 训练总结 | 用时: 0:00:29 | 学习率: 0.000010 | 平均Charbonnier损失: 2.0217 | 平均LR损失: 0.9072 | 平均总损失: 2.9289 | 平均EPE: 2.0217 | 0.5PER: 83.76% | 1PER: 68.07% | 3PER: 20.89%
2026-03-12 22:38:15,794 - Epoch [146/146] 验证结果 | 用时: 0:00:05 | 验证EPE: 8.0533 | 0.5PER: 105.52% | 1PER: 111.30% | 3PER: 136.17% | 最佳EPE: 6.6110 (Epoch 50)
2026-03-12 22:38:15,794 - 
========== 训练完成 ==========
2026-03-12 22:38:15,794 - 最佳验证EPE: 6.6110 (Epoch 50)
